<?xml version="1.0" encoding="UTF-8"?>
<!-- Generated by org.testng.reporters.JUnitXMLReporter -->
<testsuite hostname="ABPDigitalNoida-13724" name="Ebela SectionPage" tests="6" failures="0" timestamp="29 Dec 2017 06:03:19 GMT" time="202.542" errors="0">
  <testcase name="BackToTop" time="41.692" classname="sectionpage.BackToTop"/>
  <testcase name="Logo_clickable" time="33.004" classname="sectionpage.BrandLogo"/>
  <testcase name="breadcrumb_clickable" time="41.156" classname="sectionpage.breadcrumb"/>
  <testcase name="LoadMoreSectionPage" time="30.62" classname="sectionpage.LoadMore"/>
  <testcase name="nav_clickable" time="16.908" classname="sectionpage.NavBarCheck"/>
  <testcase name="SubSectionSport" time="38.042" classname="sectionpage.SubSectionCheck"/>
</testsuite> <!-- Ebela SectionPage -->
