<?xml version="1.0" encoding="UTF-8"?>
<!-- Generated by org.testng.reporters.JUnitXMLReporter -->
<testsuite hostname="ABPDigitalNoida-13724" tests="17" failures="0" timestamp="5 Mar 2018 06:11:22 GMT" time="657.88" errors="0">
  <testcase name="homepage_BackToTop" time="0.005" classname="Homepage"/>
  <testcase name="homepage_CarousalClick" time="17.83" classname="Homepage"/>
  <testcase name="homepage_LoadMoreHome" time="23.975" classname="Homepage"/>
  <testcase name="homepage_SocialShare" time="90.45" classname="Homepage"/>
  <testcase name="homepage_entertainment_SubMenuAssert" time="10.339" classname="Homepage"/>
  <testcase name="homepage_entertainment_SubMenuStoryClick" time="50.16" classname="Homepage"/>
  <testcase name="homepage_entertainment_SubSectionClick" time="12.836" classname="Homepage"/>
  <testcase name="homepage_lifestyle_SubMenuStoryClick" time="60.505" classname="Homepage"/>
  <testcase name="homepage_lifestyle_SubSectionClick" time="20.595" classname="Homepage"/>
  <testcase name="homepage_spin_SubMenuStoryClick" time="36.568" classname="Homepage"/>
  <testcase name="homepage_spin_SubSectionClick" time="37.2" classname="Homepage"/>
  <testcase name="homepage_sport_SubMenuStoryClick" time="43.473" classname="Homepage"/>
  <testcase name="homepage_sport_SubSectionClick" time="49.308" classname="Homepage"/>
  <testcase name="homepage_tech_SubMenuStoryClick" time="40.326" classname="Homepage"/>
  <testcase name="homepage_tech_SubSectionClick" time="23.433" classname="Homepage"/>
  <testcase name="homepage_video_SubMenuStoryClick" time="57.266" classname="Homepage"/>
  <testcase name="homepage_video_SubSectionClick" time="30.86" classname="Homepage"/>
</testsuite>
