<?xml version="1.0" encoding="UTF-8"?>
<!-- Generated by org.testng.reporters.JUnitXMLReporter -->
<testsuite hostname="ABPDigitalNoida-13724" name="Default test" tests="4" failures="0" timestamp="16 Jul 2018 07:40:31 GMT" time="150.598" errors="0">
  <testcase name="abptopic_SiteMap" time="39.479" classname="test_sitemap.Abp_sitemap"/>
  <testcase name="abpnews_SiteMap" time="37.6" classname="test_sitemap.Abp_sitemap"/>
  <testcase name="abpSiteMap_index" time="30.683" classname="test_sitemap.Abp_sitemap"/>
  <testcase name="abp_SiteMap" time="30.944" classname="test_sitemap.Abp_sitemap"/>
</testsuite> <!-- Default test -->
