<?xml version="1.0" encoding="UTF-8"?>
<!-- Generated by org.testng.reporters.JUnitXMLReporter -->
<testsuite hostname="ABPDigitalNoida-13724" name="Fortune Sectionpage in Chrome Windows" tests="2" failures="0" timestamp="30 Jul 2018 08:56:54 GMT" time="174.528" errors="0">
  <testcase name="sectionstoryclick" time="75.676" classname="sectionpage.SectionTC_01"/>
  <testcase name="sectionleadstoryclick" time="97.139" classname="sectionpage.SectionTC_02"/>
</testsuite> <!-- Fortune Sectionpage in Chrome Windows -->
