<?xml version="1.0" encoding="UTF-8"?>
<!-- Generated by org.testng.reporters.JUnitXMLReporter -->
<testsuite hostname="ABPDigitalNoida-13724" name="Fortune Sectionpage in Chrome Windows" tests="2" failures="1" timestamp="18 Dec 2018 10:38:12 GMT" time="371.175" errors="0">
  <testcase name="sectionstoryclick" time="45.461" classname="sectionpage.SectionTC_01">
    <failure type="org.openqa.selenium.WebDriverException" message="unknown error: session deleted because of page crash
from unknown error: cannot determine loading status
from tab crashed
  (Session info: chrome=67.0.3396.62)
  (Driver info: chromedriver=2.40.565498 (ea082db3280dd6843ebfb08a625e3eb905c4f5ab),platform=Windows NT 10.0.10586 x86_64) (WARNING: The server did not provide any stacktrace information)
Command duration or timeout: 5.56 seconds
Build info: version: &amp;apos;2.53.0&amp;apos;, revision: &amp;apos;35ae25b&amp;apos;, time: &amp;apos;2016-03-15 16:57:40&amp;apos;
System info: host: &amp;apos;ABPDigitalNoida-13724&amp;apos;, ip: &amp;apos;10.138.10.68&amp;apos;, os.name: &amp;apos;Windows 10&amp;apos;, os.arch: &amp;apos;amd64&amp;apos;, os.version: &amp;apos;10.0&amp;apos;, java.version: &amp;apos;1.8.0_131&amp;apos;
Driver info: org.openqa.selenium.remote.RemoteWebDriver
Capabilities [{mobileEmulationEnabled=false, hasTouchScreen=false, platform=XP, acceptSslCerts=false, acceptInsecureCerts=false, webStorageEnabled=true, takesScreenshot=true, browserName=chrome, javascriptEnabled=true, setWindowRect=true, unexpectedAlertBehaviour=, applicationCacheEnabled=false, rotatable=false, networkConnectionEnabled=false, chrome={chromedriverVersion=2.40.565498 (ea082db3280dd6843ebfb08a625e3eb905c4f5ab), userDataDir=C:\Users\ADMINI~1\AppData\Local\Temp\scoped_dir3272_28034}, takesHeapSnapshot=true, pageLoadStrategy=normal, hasMetadata=true, handlesAlerts=true, databaseEnabled=false, version=67.0.3396.62, browserConnectionEnabled=false, nativeEvents=true, webdriver.remote.sessionid=a05213b805534b50b0664d639371c18c, locationContextEnabled=true, cssSelectorsEnabled=true}]
Session ID: a05213b805534b50b0664d639371c18c">
      <![CDATA[org.openqa.selenium.WebDriverException: unknown error: session deleted because of page crash
from unknown error: cannot determine loading status
from tab crashed
  (Session info: chrome=67.0.3396.62)
  (Driver info: chromedriver=2.40.565498 (ea082db3280dd6843ebfb08a625e3eb905c4f5ab),platform=Windows NT 10.0.10586 x86_64) (WARNING: The server did not provide any stacktrace information)
Command duration or timeout: 5.56 seconds
Build info: version: '2.53.0', revision: '35ae25b', time: '2016-03-15 16:57:40'
System info: host: 'ABPDigitalNoida-13724', ip: '10.138.10.68', os.name: 'Windows 10', os.arch: 'amd64', os.version: '10.0', java.version: '1.8.0_131'
Driver info: org.openqa.selenium.remote.RemoteWebDriver
Capabilities [{mobileEmulationEnabled=false, hasTouchScreen=false, platform=XP, acceptSslCerts=false, acceptInsecureCerts=false, webStorageEnabled=true, takesScreenshot=true, browserName=chrome, javascriptEnabled=true, setWindowRect=true, unexpectedAlertBehaviour=, applicationCacheEnabled=false, rotatable=false, networkConnectionEnabled=false, chrome={chromedriverVersion=2.40.565498 (ea082db3280dd6843ebfb08a625e3eb905c4f5ab), userDataDir=C:\Users\ADMINI~1\AppData\Local\Temp\scoped_dir3272_28034}, takesHeapSnapshot=true, pageLoadStrategy=normal, hasMetadata=true, handlesAlerts=true, databaseEnabled=false, version=67.0.3396.62, browserConnectionEnabled=false, nativeEvents=true, webdriver.remote.sessionid=a05213b805534b50b0664d639371c18c, locationContextEnabled=true, cssSelectorsEnabled=true}]
Session ID: a05213b805534b50b0664d639371c18c
	at org.openqa.selenium.remote.ErrorHandler.createThrowable(ErrorHandler.java:206)
	at org.openqa.selenium.remote.ErrorHandler.throwIfResponseFailed(ErrorHandler.java:158)
	at org.openqa.selenium.remote.RemoteWebDriver.execute(RemoteWebDriver.java:678)
	at org.openqa.selenium.remote.RemoteWebElement.execute(RemoteWebElement.java:327)
	at org.openqa.selenium.remote.RemoteWebElement.click(RemoteWebElement.java:85)
	at org.openqa.selenium.support.events.EventFiringWebDriver$EventFiringWebElement$1.invoke(EventFiringWebDriver.java:335)
	at com.sun.proxy.$Proxy12.click(Unknown Source)
	at org.openqa.selenium.support.events.EventFiringWebDriver$EventFiringWebElement.click(EventFiringWebDriver.java:348)
	at basepackage.PageClass.menuoptions_click(PageClass.java:124)
	at sectionpage.SectionTC_01.sectionstoryclick(SectionTC_01.java:47)
... Removed 32 stack frames]]>
    </failure>
  </testcase> <!-- sectionstoryclick -->
  <testcase name="sectionleadstoryclick" time="323.04" classname="sectionpage.SectionTC_02"/>
</testsuite> <!-- Fortune Sectionpage in Chrome Windows -->
