<?xml version="1.0" encoding="UTF-8"?>
<!-- Generated by org.testng.reporters.JUnitXMLReporter -->
<testsuite hostname="WIN-6B1JJBPUCLM" name="AnandaUtsav Test Cases" tests="9" failures="1" timestamp="18 Oct 2018 08:16:55 GMT" time="110.868" errors="0">
  <testcase name="validate_lead_stories" time="33.464" classname="AnandBazarTest.pagetest"/>
  <testcase name="validate_puja_parikrama" time="0.032" classname="AnandBazarTest.pagetest"/>
  <testcase name="validate_celebrities_during_puja" time="12.199" classname="AnandBazarTest.pagetest"/>
  <testcase name="validate_mahishasur_pala" time="8.862" classname="AnandBazarTest.pagetest"/>
  <testcase name="validate_lifestyle_section" time="4.655" classname="AnandBazarTest.pagetest"/>
  <testcase name="validate_food_section" time="8.746" classname="AnandBazarTest.pagetest"/>
  <testcase name="validate_homeAndDecor" time="7.36" classname="AnandBazarTest.pagetest"/>
  <testcase name="validate_sectionPage" time="8.848" classname="AnandBazarTest.pagetest"/>
  <testcase name="validate_storyPage" time="17.017" classname="AnandBazarTest.pagetest">
    <failure type="java.lang.AssertionError" message="Values should be different. Actual: Durga Puja 2018: Some Kolkata street foods you have to try in this puja dgtl - anandautsav.anandabazar.com">
      <![CDATA[java.lang.AssertionError: Values should be different. Actual: Durga Puja 2018: Some Kolkata street foods you have to try in this puja dgtl - anandautsav.anandabazar.com
	at org.junit.Assert.fail(Assert.java:88)
	at org.junit.Assert.failEquals(Assert.java:185)
	at org.junit.Assert.assertNotEquals(Assert.java:161)
	at org.junit.Assert.assertNotEquals(Assert.java:175)
	at AnandBazarPage.StoryPage.assertOtherStories(StoryPage.java:87)
	at AnandBazarTest.pagetest.validate_storyPage(pagetest.java:89)
... Removed 23 stack frames]]>
    </failure>
  </testcase> <!-- validate_storyPage -->
</testsuite> <!-- AnandaUtsav Test Cases -->
