<?xml version="1.0" encoding="UTF-8"?>
<!-- Generated by org.testng.reporters.JUnitXMLReporter -->
<testsuite hostname="ABPDigitalNoida-13724" name="Ananda Utsav - ABP APIS " tests="8" failures="0" timestamp="25 Sep 2018 06:57:20 GMT" time="12.351" errors="0">
  <testcase name="get_PQ_Departments" time="3.071" classname="apis.Au_pq_api"/>
  <testcase name="get_Article_By_Id_API" time="1.478" classname="apis.Get_Article_By_Id"/>
  <testcase name="get_Articles_Between_Time" time="1.364" classname="apis.Get_Articles_Between_Time"/>
  <testcase name="Get_Articles_By_Tags_API" time="1.135" classname="apis.Get_Articles_By_Tags"/>
  <testcase name="get_Latest_Articles_Standard_Article" time="1.46" classname="apis.Get_latest_articles_by_storyid"/>
  <testcase name="get_Latest_Articles_Video_Article" time="1.175" classname="apis.Get_latest_articles_by_vstoryid"/>
  <testcase name="Get_Articles_By_Tags_API" time="1.178" classname="apis.get_PQ_Articles"/>
  <testcase name="Get_Sub_Pages_By_Using_Page_Id" time="1.318" classname="apis.Get_Sub_Pages_By_Page_Id"/>
</testsuite> <!-- Ananda Utsav - ABP APIS  -->
