<?xml version="1.0" encoding="UTF-8"?>
<!-- Generated by org.testng.reporters.JUnitXMLReporter -->
<testsuite hostname="UIS-PC" name="Ebela TagPage" tests="8" failures="2" timestamp="19 Jun 2017 12:20:33 GMT" time="1293.063" errors="0">
  <testcase name="tag_page_UrlCheck" time="380.288" classname="ebela.ebela_tagpage"/>
  <testcase name="tag_page_assertion" time="9.768" classname="ebela.ebela_tagpage"/>
  <testcase name="tag_page_breadcrumb" time="89.21" classname="ebela.ebela_tagpage"/>
  <testcase name="tag_page_results" time="2.791" classname="ebela.ebela_tagpage"/>
  <testcase name="tag_page_story_verify" time="10.873" classname="ebela.ebela_tagpage"/>
  <testcase name="tag_page_date_verify_story" time="327.78" classname="ebela.ebela_tagpage">
    <failure type="org.openqa.selenium.TimeoutException" message="timeout
  (Session info: chrome=58.0.3029.110)
  (Driver info: chromedriver=2.29.461591 (62ebf098771772160f391d75e589dc567915b233),platform=Windows NT 6.1.7600 x86_64) (WARNING: The server did not provide any stacktrace information)
Command duration or timeout: 301.34 seconds
Build info: version: &amp;apos;2.53.0&amp;apos;, revision: &amp;apos;35ae25b&amp;apos;, time: &amp;apos;2016-03-15 16:57:40&amp;apos;
System info: host: &amp;apos;UIS-PC&amp;apos;, ip: &amp;apos;10.138.10.249&amp;apos;, os.name: &amp;apos;Windows 7&amp;apos;, os.arch: &amp;apos;amd64&amp;apos;, os.version: &amp;apos;6.1&amp;apos;, java.version: &amp;apos;1.8.0_111&amp;apos;
Driver info: org.openqa.selenium.chrome.ChromeDriver
Capabilities [{applicationCacheEnabled=false, rotatable=false, mobileEmulationEnabled=false, networkConnectionEnabled=false, chrome={chromedriverVersion=2.29.461591 (62ebf098771772160f391d75e589dc567915b233), userDataDir=C:\Users\UIS\AppData\Local\Temp\scoped_dir15764_7685}, takesHeapSnapshot=true, pageLoadStrategy=normal, databaseEnabled=false, handlesAlerts=true, hasTouchScreen=false, version=58.0.3029.110, platform=XP, browserConnectionEnabled=false, nativeEvents=true, acceptSslCerts=true, locationContextEnabled=true, webStorageEnabled=true, browserName=chrome, takesScreenshot=true, javascriptEnabled=true, cssSelectorsEnabled=true, unexpectedAlertBehaviour=}]
Session ID: befe66078ff7f7102708ebf0770a4233">
      <![CDATA[org.openqa.selenium.TimeoutException: timeout
  (Session info: chrome=58.0.3029.110)
  (Driver info: chromedriver=2.29.461591 (62ebf098771772160f391d75e589dc567915b233),platform=Windows NT 6.1.7600 x86_64) (WARNING: The server did not provide any stacktrace information)
Command duration or timeout: 301.34 seconds
Build info: version: '2.53.0', revision: '35ae25b', time: '2016-03-15 16:57:40'
System info: host: 'UIS-PC', ip: '10.138.10.249', os.name: 'Windows 7', os.arch: 'amd64', os.version: '6.1', java.version: '1.8.0_111'
Driver info: org.openqa.selenium.chrome.ChromeDriver
Capabilities [{applicationCacheEnabled=false, rotatable=false, mobileEmulationEnabled=false, networkConnectionEnabled=false, chrome={chromedriverVersion=2.29.461591 (62ebf098771772160f391d75e589dc567915b233), userDataDir=C:\Users\UIS\AppData\Local\Temp\scoped_dir15764_7685}, takesHeapSnapshot=true, pageLoadStrategy=normal, databaseEnabled=false, handlesAlerts=true, hasTouchScreen=false, version=58.0.3029.110, platform=XP, browserConnectionEnabled=false, nativeEvents=true, acceptSslCerts=true, locationContextEnabled=true, webStorageEnabled=true, browserName=chrome, takesScreenshot=true, javascriptEnabled=true, cssSelectorsEnabled=true, unexpectedAlertBehaviour=}]
Session ID: befe66078ff7f7102708ebf0770a4233
	at org.openqa.selenium.remote.ErrorHandler.createThrowable(ErrorHandler.java:206)
	at org.openqa.selenium.remote.ErrorHandler.throwIfResponseFailed(ErrorHandler.java:158)
	at org.openqa.selenium.remote.RemoteWebDriver.execute(RemoteWebDriver.java:678)
	at org.openqa.selenium.remote.RemoteWebDriver.get(RemoteWebDriver.java:316)
	at ebela.ebela_tagpage.tag_page_date_verify_story(ebela_tagpage.java:159)
... Removed 27 stack frames]]>
    </failure>
  </testcase> <!-- tag_page_date_verify_story -->
  <testcase name="tag_page_story_click" time="78.891" classname="ebela.ebela_tagpage">
    <failure type="org.openqa.selenium.WebDriverException" message="Failed to connect to binary FirefoxBinary(C:\Program Files\Mozilla Firefox\firefox.exe) on port 7066; process output follows: 
null,&amp;quot;optionsType&amp;quot;:null,&amp;quot;aboutURL&amp;quot;:null,&amp;quot;icons&amp;quot;:{},&amp;quot;iconURL&amp;quot;:null,&amp;quot;icon64URL&amp;quot;:null,&amp;quot;defaultLocale&amp;quot;:{&amp;quot;name&amp;quot;:&amp;quot;Firefox Hello&amp;quot;,&amp;quot;description&amp;quot;:&amp;quot;Web sharing for Firefox&amp;quot;,&amp;quot;creator&amp;quot;:&amp;quot;Mozilla&amp;quot;,&amp;quot;homepageURL&amp;quot;:null},&amp;quot;visible&amp;quot;:true,&amp;quot;active&amp;quot;:true,&amp;quot;userDisabled&amp;quot;:false,&amp;quot;appDisabled&amp;quot;:false,&amp;quot;descriptor&amp;quot;:&amp;quot;C:\\Program Files\\Mozilla Firefox\\browser\\features\\loop@mozilla.org.xpi&amp;quot;,&amp;quot;installDate&amp;quot;:1461281498000,&amp;quot;updateDate&amp;quot;:1461281498000,&amp;quot;applyBackgroundUpdates&amp;quot;:1,&amp;quot;bootstrap&amp;quot;:true,&amp;quot;skinnable&amp;quot;:false,&amp;quot;size&amp;quot;:4185303,&amp;quot;sourceURI&amp;quot;:null,&amp;quot;releaseNotesURI&amp;quot;:null,&amp;quot;softDisabled&amp;quot;:false,&amp;quot;foreignInstall&amp;quot;:false,&amp;quot;hasBinaryComponents&amp;quot;:false,&amp;quot;strictCompatibility&amp;quot;:false,&amp;quot;locales&amp;quot;:[],&amp;quot;targetApplications&amp;quot;:[{&amp;quot;id&amp;quot;:&amp;quot;{ec8030f7-c20a-464f-9b0e-13a3a9e97384}&amp;quot;,&amp;quot;minVersion&amp;quot;:&amp;quot;46.0a1&amp;quot;,&amp;quot;maxVersion&amp;quot;:&amp;quot;46.*&amp;quot;},{&amp;quot;id&amp;quot;:&amp;quot;xpcshell@tests.mozilla.org&amp;quot;,&amp;quot;minVersion&amp;quot;:&amp;quot;0&amp;quot;,&amp;quot;maxVersion&amp;quot;:&amp;quot;10&amp;quot;}],&amp;quot;targetPlatforms&amp;quot;:[],&amp;quot;multiprocessCompatible&amp;quot;:false,&amp;quot;seen&amp;quot;:true}
1497874390490	addons.xpi	DEBUG	getModTime: Recursive scan of loop@mozilla.org
1497874390491	addons.xpi	DEBUG	Updating XPIState for {&amp;quot;id&amp;quot;:&amp;quot;{972ce4c6-7e08-4474-a285-3208198ce6fd}&amp;quot;,&amp;quot;syncGUID&amp;quot;:&amp;quot;XGuYBLRvXiHF&amp;quot;,&amp;quot;location&amp;quot;:&amp;quot;app-global&amp;quot;,&amp;quot;version&amp;quot;:&amp;quot;46.0&amp;quot;,&amp;quot;type&amp;quot;:&amp;quot;theme&amp;quot;,&amp;quot;internalName&amp;quot;:&amp;quot;classic/1.0&amp;quot;,&amp;quot;updateURL&amp;quot;:null,&amp;quot;updateKey&amp;quot;:null,&amp;quot;optionsURL&amp;quot;:null,&amp;quot;optionsType&amp;quot;:null,&amp;quot;aboutURL&amp;quot;:null,&amp;quot;icons&amp;quot;:{&amp;quot;32&amp;quot;:&amp;quot;icon.png&amp;quot;,&amp;quot;48&amp;quot;:&amp;quot;icon.png&amp;quot;},&amp;quot;iconURL&amp;quot;:null,&amp;quot;icon64URL&amp;quot;:null,&amp;quot;defaultLocale&amp;quot;:{&amp;quot;name&amp;quot;:&amp;quot;Default&amp;quot;,&amp;quot;description&amp;quot;:&amp;quot;The default theme.&amp;quot;,&amp;quot;creator&amp;quot;:&amp;quot;Mozilla&amp;quot;,&amp;quot;homepageURL&amp;quot;:null,&amp;quot;contributors&amp;quot;:[&amp;quot;Mozilla Contributors&amp;quot;]},&amp;quot;visible&amp;quot;:true,&amp;quot;active&amp;quot;:true,&amp;quot;userDisabled&amp;quot;:false,&amp;quot;appDisabled&amp;quot;:false,&amp;quot;descriptor&amp;quot;:&amp;quot;C:\\Program Files\\Mozilla Firefox\\browser\\extensions\\{972ce4c6-7e08-4474-a285-3208198ce6fd}.xpi&amp;quot;,&amp;quot;installDate&amp;quot;:1461281498000,&amp;quot;updateDate&amp;quot;:1461281498000,&amp;quot;applyBackgroundUpdates&amp;quot;:1,&amp;quot;skinnable&amp;quot;:true,&amp;quot;size&amp;quot;:22006,&amp;quot;sourceURI&amp;quot;:null,&amp;quot;releaseNotesURI&amp;quot;:null,&amp;quot;softDisabled&amp;quot;:false,&amp;quot;foreignInstall&amp;quot;:false,&amp;quot;hasBinaryComponents&amp;quot;:false,&amp;quot;strictCompatibility&amp;quot;:true,&amp;quot;locales&amp;quot;:[],&amp;quot;targetApplications&amp;quot;:[{&amp;quot;id&amp;quot;:&amp;quot;{ec8030f7-c20a-464f-9b0e-13a3a9e97384}&amp;quot;,&amp;quot;minVersion&amp;quot;:&amp;quot;46.0&amp;quot;,&amp;quot;maxVersion&amp;quot;:&amp;quot;46.0&amp;quot;}],&amp;quot;targetPlatforms&amp;quot;:[],&amp;quot;seen&amp;quot;:true}
1497874390491	addons.xpi	DEBUG	getModTime: Recursive scan of {972ce4c6-7e08-4474-a285-3208198ce6fd}
1497874390493	DeferredSave.extensions.json	DEBUG	Save changes
1497874390493	addons.xpi	DEBUG	Updating database with changes to installed add-ons
1497874390493	addons.xpi-utils	DEBUG	Updating add-on states
1497874390494	addons.xpi-utils	DEBUG	Writing add-ons list
1497874390498	addons.xpi	DEBUG	Registering manifest for C:\Program Files\Mozilla Firefox\browser\features\e10srollout@mozilla.org.xpi
1497874390498	addons.xpi	DEBUG	Calling bootstrap method startup on e10srollout@mozilla.org version 1.0
1497874390499	addons.xpi	DEBUG	Registering manifest for C:\Program Files\Mozilla Firefox\browser\features\firefox@getpocket.com.xpi
1497874390500	addons.xpi	DEBUG	Calling bootstrap method startup on firefox@getpocket.com version 1.0
1497874390570	addons.xpi	DEBUG	Registering manifest for C:\Program Files\Mozilla Firefox\browser\features\loop@mozilla.org.xpi
1497874390571	addons.xpi	DEBUG	Calling bootstrap method startup on loop@mozilla.org version 1.2.6
1497874390602	addons.manager	DEBUG	Registering shutdown blocker for XPIProvider
1497874390602	addons.manager	DEBUG	Provider finished startup: XPIProvider
1497874390602	addons.manager	DEBUG	Starting provider: LightweightThemeManager
1497874390602	addons.manager	DEBUG	Registering shutdown blocker for LightweightThemeManager
1497874390673	addons.manager	DEBUG	Provider finished startup: LightweightThemeManager
1497874390674	addons.manager	DEBUG	Starting provider: GMPProvider
1497874390891	addons.manager	DEBUG	Registering shutdown blocker for GMPProvider
1497874390891	addons.manager	DEBUG	Provider finished startup: GMPProvider
1497874390891	addons.manager	DEBUG	Starting provider: PluginProvider
1497874390891	addons.manager	DEBUG	Registering shutdown blocker for PluginProvider
1497874390892	addons.manager	DEBUG	Provider finished startup: PluginProvider
1497874390892	addons.manager	DEBUG	Completed startup sequence

Build info: version: &amp;apos;2.53.0&amp;apos;, revision: &amp;apos;35ae25b&amp;apos;, time: &amp;apos;2016-03-15 16:57:40&amp;apos;
System info: host: &amp;apos;UIS-PC&amp;apos;, ip: &amp;apos;10.138.10.249&amp;apos;, os.name: &amp;apos;Windows 7&amp;apos;, os.arch: &amp;apos;amd64&amp;apos;, os.version: &amp;apos;6.1&amp;apos;, java.version: &amp;apos;1.8.0_111&amp;apos;
Driver info: driver.version: FirefoxDriver">
      <![CDATA[org.openqa.selenium.WebDriverException: Failed to connect to binary FirefoxBinary(C:\Program Files\Mozilla Firefox\firefox.exe) on port 7066; process output follows: 
null,"optionsType":null,"aboutURL":null,"icons":{},"iconURL":null,"icon64URL":null,"defaultLocale":{"name":"Firefox Hello","description":"Web sharing for Firefox","creator":"Mozilla","homepageURL":null},"visible":true,"active":true,"userDisabled":false,"appDisabled":false,"descriptor":"C:\\Program Files\\Mozilla Firefox\\browser\\features\\loop@mozilla.org.xpi","installDate":1461281498000,"updateDate":1461281498000,"applyBackgroundUpdates":1,"bootstrap":true,"skinnable":false,"size":4185303,"sourceURI":null,"releaseNotesURI":null,"softDisabled":false,"foreignInstall":false,"hasBinaryComponents":false,"strictCompatibility":false,"locales":[],"targetApplications":[{"id":"{ec8030f7-c20a-464f-9b0e-13a3a9e97384}","minVersion":"46.0a1","maxVersion":"46.*"},{"id":"xpcshell@tests.mozilla.org","minVersion":"0","maxVersion":"10"}],"targetPlatforms":[],"multiprocessCompatible":false,"seen":true}
1497874390490	addons.xpi	DEBUG	getModTime: Recursive scan of loop@mozilla.org
1497874390491	addons.xpi	DEBUG	Updating XPIState for {"id":"{972ce4c6-7e08-4474-a285-3208198ce6fd}","syncGUID":"XGuYBLRvXiHF","location":"app-global","version":"46.0","type":"theme","internalName":"classic/1.0","updateURL":null,"updateKey":null,"optionsURL":null,"optionsType":null,"aboutURL":null,"icons":{"32":"icon.png","48":"icon.png"},"iconURL":null,"icon64URL":null,"defaultLocale":{"name":"Default","description":"The default theme.","creator":"Mozilla","homepageURL":null,"contributors":["Mozilla Contributors"]},"visible":true,"active":true,"userDisabled":false,"appDisabled":false,"descriptor":"C:\\Program Files\\Mozilla Firefox\\browser\\extensions\\{972ce4c6-7e08-4474-a285-3208198ce6fd}.xpi","installDate":1461281498000,"updateDate":1461281498000,"applyBackgroundUpdates":1,"skinnable":true,"size":22006,"sourceURI":null,"releaseNotesURI":null,"softDisabled":false,"foreignInstall":false,"hasBinaryComponents":false,"strictCompatibility":true,"locales":[],"targetApplications":[{"id":"{ec8030f7-c20a-464f-9b0e-13a3a9e97384}","minVersion":"46.0","maxVersion":"46.0"}],"targetPlatforms":[],"seen":true}
1497874390491	addons.xpi	DEBUG	getModTime: Recursive scan of {972ce4c6-7e08-4474-a285-3208198ce6fd}
1497874390493	DeferredSave.extensions.json	DEBUG	Save changes
1497874390493	addons.xpi	DEBUG	Updating database with changes to installed add-ons
1497874390493	addons.xpi-utils	DEBUG	Updating add-on states
1497874390494	addons.xpi-utils	DEBUG	Writing add-ons list
1497874390498	addons.xpi	DEBUG	Registering manifest for C:\Program Files\Mozilla Firefox\browser\features\e10srollout@mozilla.org.xpi
1497874390498	addons.xpi	DEBUG	Calling bootstrap method startup on e10srollout@mozilla.org version 1.0
1497874390499	addons.xpi	DEBUG	Registering manifest for C:\Program Files\Mozilla Firefox\browser\features\firefox@getpocket.com.xpi
1497874390500	addons.xpi	DEBUG	Calling bootstrap method startup on firefox@getpocket.com version 1.0
1497874390570	addons.xpi	DEBUG	Registering manifest for C:\Program Files\Mozilla Firefox\browser\features\loop@mozilla.org.xpi
1497874390571	addons.xpi	DEBUG	Calling bootstrap method startup on loop@mozilla.org version 1.2.6
1497874390602	addons.manager	DEBUG	Registering shutdown blocker for XPIProvider
1497874390602	addons.manager	DEBUG	Provider finished startup: XPIProvider
1497874390602	addons.manager	DEBUG	Starting provider: LightweightThemeManager
1497874390602	addons.manager	DEBUG	Registering shutdown blocker for LightweightThemeManager
1497874390673	addons.manager	DEBUG	Provider finished startup: LightweightThemeManager
1497874390674	addons.manager	DEBUG	Starting provider: GMPProvider
1497874390891	addons.manager	DEBUG	Registering shutdown blocker for GMPProvider
1497874390891	addons.manager	DEBUG	Provider finished startup: GMPProvider
1497874390891	addons.manager	DEBUG	Starting provider: PluginProvider
1497874390891	addons.manager	DEBUG	Registering shutdown blocker for PluginProvider
1497874390892	addons.manager	DEBUG	Provider finished startup: PluginProvider
1497874390892	addons.manager	DEBUG	Completed startup sequence

Build info: version: '2.53.0', revision: '35ae25b', time: '2016-03-15 16:57:40'
System info: host: 'UIS-PC', ip: '10.138.10.249', os.name: 'Windows 7', os.arch: 'amd64', os.version: '6.1', java.version: '1.8.0_111'
Driver info: driver.version: FirefoxDriver
	at org.openqa.selenium.firefox.internal.NewProfileExtensionConnection.start(NewProfileExtensionConnection.java:124)
	at org.openqa.selenium.firefox.FirefoxDriver.startClient(FirefoxDriver.java:271)
	at org.openqa.selenium.remote.RemoteWebDriver.<init>(RemoteWebDriver.java:119)
	at org.openqa.selenium.firefox.FirefoxDriver.<init>(FirefoxDriver.java:218)
	at org.openqa.selenium.firefox.FirefoxDriver.<init>(FirefoxDriver.java:211)
	at org.openqa.selenium.firefox.FirefoxDriver.<init>(FirefoxDriver.java:207)
	at org.openqa.selenium.firefox.FirefoxDriver.<init>(FirefoxDriver.java:120)
	at ebela.ebela_tagpage.tag_page_story_click(ebela_tagpage.java:169)
Caused by: org.openqa.selenium.firefox.NotConnectedException: Unable to connect to host 127.0.0.1 on port 7066 after 45000 ms. Firefox console output:
null,"optionsType":null,"aboutURL":null,"icons":{},"iconURL":null,"icon64URL":null,"defaultLocale":{"name":"Firefox Hello","description":"Web sharing for Firefox","creator":"Mozilla","homepageURL":null},"visible":true,"active":true,"userDisabled":false,"appDisabled":false,"descriptor":"C:\\Program Files\\Mozilla Firefox\\browser\\features\\loop@mozilla.org.xpi","installDate":1461281498000,"updateDate":1461281498000,"applyBackgroundUpdates":1,"bootstrap":true,"skinnable":false,"size":4185303,"sourceURI":null,"releaseNotesURI":null,"softDisabled":false,"foreignInstall":false,"hasBinaryComponents":false,"strictCompatibility":false,"locales":[],"targetApplications":[{"id":"{ec8030f7-c20a-464f-9b0e-13a3a9e97384}","minVersion":"46.0a1","maxVersion":"46.*"},{"id":"xpcshell@tests.mozilla.org","minVersion":"0","maxVersion":"10"}],"targetPlatforms":[],"multiprocessCompatible":false,"seen":true}
1497874390490	addons.xpi	DEBUG	getModTime: Recursive scan of loop@mozilla.org
1497874390491	addons.xpi	DEBUG	Updating XPIState for {"id":"{972ce4c6-7e08-4474-a285-3208198ce6fd}","syncGUID":"XGuYBLRvXiHF","location":"app-global","version":"46.0","type":"theme","internalName":"classic/1.0","updateURL":null,"updateKey":null,"optionsURL":null,"optionsType":null,"aboutURL":null,"icons":{"32":"icon.png","48":"icon.png"},"iconURL":null,"icon64URL":null,"defaultLocale":{"name":"Default","description":"The default theme.","creator":"Mozilla","homepageURL":null,"contributors":["Mozilla Contributors"]},"visible":true,"active":true,"userDisabled":false,"appDisabled":false,"descriptor":"C:\\Program Files\\Mozilla Firefox\\browser\\extensions\\{972ce4c6-7e08-4474-a285-3208198ce6fd}.xpi","installDate":1461281498000,"updateDate":1461281498000,"applyBackgroundUpdates":1,"skinnable":true,"size":22006,"sourceURI":null,"releaseNotesURI":null,"softDisabled":false,"foreignInstall":false,"hasBinaryComponents":false,"strictCompatibility":true,"locales":[],"targetApplications":[{"id":"{ec8030f7-c20a-464f-9b0e-13a3a9e97384}","minVersion":"46.0","maxVersion":"46.0"}],"targetPlatforms":[],"seen":true}
1497874390491	addons.xpi	DEBUG	getModTime: Recursive scan of {972ce4c6-7e08-4474-a285-3208198ce6fd}
1497874390493	DeferredSave.extensions.json	DEBUG	Save changes
1497874390493	addons.xpi	DEBUG	Updating database with changes to installed add-ons
1497874390493	addons.xpi-utils	DEBUG	Updating add-on states
1497874390494	addons.xpi-utils	DEBUG	Writing add-ons list
1497874390498	addons.xpi	DEBUG	Registering manifest for C:\Program Files\Mozilla Firefox\browser\features\e10srollout@mozilla.org.xpi
1497874390498	addons.xpi	DEBUG	Calling bootstrap method startup on e10srollout@mozilla.org version 1.0
1497874390499	addons.xpi	DEBUG	Registering manifest for C:\Program Files\Mozilla Firefox\browser\features\firefox@getpocket.com.xpi
1497874390500	addons.xpi	DEBUG	Calling bootstrap method startup on firefox@getpocket.com version 1.0
1497874390570	addons.xpi	DEBUG	Registering manifest for C:\Program Files\Mozilla Firefox\browser\features\loop@mozilla.org.xpi
1497874390571	addons.xpi	DEBUG	Calling bootstrap method startup on loop@mozilla.org version 1.2.6
1497874390602	addons.manager	DEBUG	Registering shutdown blocker for XPIProvider
1497874390602	addons.manager	DEBUG	Provider finished startup: XPIProvider
1497874390602	addons.manager	DEBUG	Starting provider: LightweightThemeManager
1497874390602	addons.manager	DEBUG	Registering shutdown blocker for LightweightThemeManager
1497874390673	addons.manager	DEBUG	Provider finished startup: LightweightThemeManager
1497874390674	addons.manager	DEBUG	Starting provider: GMPProvider
1497874390891	addons.manager	DEBUG	Registering shutdown blocker for GMPProvider
1497874390891	addons.manager	DEBUG	Provider finished startup: GMPProvider
1497874390891	addons.manager	DEBUG	Starting provider: PluginProvider
1497874390891	addons.manager	DEBUG	Registering shutdown blocker for PluginProvider
1497874390892	addons.manager	DEBUG	Provider finished startup: PluginProvider
1497874390892	addons.manager	DEBUG	Completed startup sequence

	at org.openqa.selenium.firefox.internal.NewProfileExtensionConnection.start(NewProfileExtensionConnection.java:112)
	... 30 more
... Removed 23 stack frames]]>
    </failure>
  </testcase> <!-- tag_page_story_click -->
  <testcase name="topic_page_alphabet_nav_click" time="393.187" classname="ebela.ebela_tagpage"/>
</testsuite> <!-- Ebela TagPage -->
