<?xml version="1.0" encoding="UTF-8"?>
<!-- Generated by org.testng.reporters.JUnitXMLReporter -->
<testsuite hostname="UIS-PC" name="Default test" tests="8" failures="0" timestamp="8 Jun 2017 07:10:53 GMT" time="290.601" errors="0">
  <testcase name="tag_page_UrlCheck" time="67.618" classname="ebela.ebela_tagpage"/>
  <testcase name="tag_page_assertion" time="2.14" classname="ebela.ebela_tagpage"/>
  <testcase name="tag_page_breadcrumb" time="37.046" classname="ebela.ebela_tagpage"/>
  <testcase name="tag_page_results" time="2.318" classname="ebela.ebela_tagpage"/>
  <testcase name="tag_page_story_verify" time="9.539" classname="ebela.ebela_tagpage"/>
  <testcase name="tag_page_date_verify_story" time="40.658" classname="ebela.ebela_tagpage"/>
  <testcase name="tag_page_story_click" time="71.65" classname="ebela.ebela_tagpage"/>
  <testcase name="topic_page_alphabet_nav_click" time="59.597" classname="ebela.ebela_tagpage"/>
</testsuite> <!-- Default test -->
