<?xml version="1.0" encoding="UTF-8"?>
<testng-results skipped="1" failed="0" total="8" passed="7">
  <reporter-output>
  </reporter-output>
  <suite name="Suite 1" duration-ms="1258162" started-at="2018-12-31T10:06:40Z" finished-at="2018-12-31T10:27:38Z">
    <groups>
    </groups>
    <test name="Fortune_TestCases" duration-ms="1258162" started-at="2018-12-31T10:06:40Z" finished-at="2018-12-31T10:27:38Z">
      <class name="specialpage.SpecialTC_02">
        <test-method status="PASS" signature="mpw_click(java.lang.String)[pri:0, instance:specialpage.SpecialTC_02@1e397ed7]" name="mpw_click" duration-ms="328329" started-at="2018-12-31T15:45:48Z" finished-at="2018-12-31T15:51:16Z">
          <params>
            <param index="0">
              <value>
                <![CDATA[chrome-win-saucelabs]]>
              </value>
            </param>
          </params>
          <reporter-output>
          </reporter-output>
        </test-method> <!-- mpw_click -->
        <test-method status="PASS" signature="teardown(org.testng.ITestResult)[pri:0, instance:specialpage.SpecialTC_02@1e397ed7]" name="teardown" is-config="true" duration-ms="840" started-at="2018-12-31T15:51:16Z" finished-at="2018-12-31T15:51:17Z">
          <params>
            <param index="0">
              <value>
                <![CDATA[[TestResult name=mpw_click status=SUCCESS method=SpecialTC_02.mpw_click(java.lang.String)[pri:0, instance:specialpage.SpecialTC_02@1e397ed7] output={null}]]]>
              </value>
            </param>
          </params>
          <reporter-output>
          </reporter-output>
        </test-method> <!-- teardown -->
      </class> <!-- specialpage.SpecialTC_02 -->
      <class name="specialpage.SpecialTC_01">
        <test-method status="PASS" signature="special500_click(java.lang.String)[pri:0, instance:specialpage.SpecialTC_01@490ab905]" name="special500_click" duration-ms="79309" started-at="2018-12-31T15:51:17Z" finished-at="2018-12-31T15:52:37Z">
          <params>
            <param index="0">
              <value>
                <![CDATA[chrome-win-saucelabs]]>
              </value>
            </param>
          </params>
          <reporter-output>
          </reporter-output>
        </test-method> <!-- special500_click -->
        <test-method status="PASS" signature="teardown(org.testng.ITestResult)[pri:0, instance:specialpage.SpecialTC_01@490ab905]" name="teardown" is-config="true" duration-ms="782" started-at="2018-12-31T15:52:37Z" finished-at="2018-12-31T15:52:37Z">
          <params>
            <param index="0">
              <value>
                <![CDATA[[TestResult name=special500_click status=SUCCESS method=SpecialTC_01.special500_click(java.lang.String)[pri:0, instance:specialpage.SpecialTC_01@490ab905] output={null}]]]>
              </value>
            </param>
          </params>
          <reporter-output>
          </reporter-output>
        </test-method> <!-- teardown -->
      </class> <!-- specialpage.SpecialTC_01 -->
      <class name="sectionpage.SectionTC_02">
        <test-method status="SKIP" signature="sectionleadstoryclick(java.lang.String)[pri:0, instance:sectionpage.SectionTC_02@3f49dace]" name="sectionleadstoryclick" duration-ms="35075" started-at="2018-12-31T15:39:56Z" finished-at="2018-12-31T15:40:31Z">
          <params>
            <param index="0">
              <value>
                <![CDATA[chrome-win-saucelabs]]>
              </value>
            </param>
          </params>
          <exception class="org.openqa.selenium.WebDriverException">
            <message>
              <![CDATA[unknown error: session deleted because of page crash
from unknown error: cannot determine loading status
from tab crashed
  (Session info: chrome=67.0.3396.62)
  (Driver info: chromedriver=2.40.565498 (ea082db3280dd6843ebfb08a625e3eb905c4f5ab),platform=Windows NT 10.0.10586 x86_64) (WARNING: The server did not provide any stacktrace information)
Command duration or timeout: 4.64 seconds
Build info: version: '2.53.0', revision: '35ae25b', time: '2016-03-15 16:57:40'
System info: host: 'ABPDigitalNoida-13724', ip: '10.138.10.50', os.name: 'Windows 10', os.arch: 'amd64', os.version: '10.0', java.version: '1.8.0_131'
Driver info: org.openqa.selenium.remote.RemoteWebDriver
Capabilities [{mobileEmulationEnabled=false, hasTouchScreen=false, platform=XP, acceptSslCerts=false, acceptInsecureCerts=false, webStorageEnabled=true, takesScreenshot=true, browserName=chrome, javascriptEnabled=true, setWindowRect=true, unexpectedAlertBehaviour=, applicationCacheEnabled=false, rotatable=false, networkConnectionEnabled=false, chrome={chromedriverVersion=2.40.565498 (ea082db3280dd6843ebfb08a625e3eb905c4f5ab), userDataDir=C:\Users\ADMINI~1\AppData\Local\Temp\scoped_dir2944_9428}, takesHeapSnapshot=true, pageLoadStrategy=normal, hasMetadata=true, handlesAlerts=true, databaseEnabled=false, version=67.0.3396.62, browserConnectionEnabled=false, nativeEvents=true, webdriver.remote.sessionid=f4d556bac4704b5f91efbe290870862d, locationContextEnabled=true, cssSelectorsEnabled=true}]
Session ID: f4d556bac4704b5f91efbe290870862d]]>
            </message>
            <full-stacktrace>
              <![CDATA[org.openqa.selenium.WebDriverException: unknown error: session deleted because of page crash
from unknown error: cannot determine loading status
from tab crashed
  (Session info: chrome=67.0.3396.62)
  (Driver info: chromedriver=2.40.565498 (ea082db3280dd6843ebfb08a625e3eb905c4f5ab),platform=Windows NT 10.0.10586 x86_64) (WARNING: The server did not provide any stacktrace information)
Command duration or timeout: 4.64 seconds
Build info: version: '2.53.0', revision: '35ae25b', time: '2016-03-15 16:57:40'
System info: host: 'ABPDigitalNoida-13724', ip: '10.138.10.50', os.name: 'Windows 10', os.arch: 'amd64', os.version: '10.0', java.version: '1.8.0_131'
Driver info: org.openqa.selenium.remote.RemoteWebDriver
Capabilities [{mobileEmulationEnabled=false, hasTouchScreen=false, platform=XP, acceptSslCerts=false, acceptInsecureCerts=false, webStorageEnabled=true, takesScreenshot=true, browserName=chrome, javascriptEnabled=true, setWindowRect=true, unexpectedAlertBehaviour=, applicationCacheEnabled=false, rotatable=false, networkConnectionEnabled=false, chrome={chromedriverVersion=2.40.565498 (ea082db3280dd6843ebfb08a625e3eb905c4f5ab), userDataDir=C:\Users\ADMINI~1\AppData\Local\Temp\scoped_dir2944_9428}, takesHeapSnapshot=true, pageLoadStrategy=normal, hasMetadata=true, handlesAlerts=true, databaseEnabled=false, version=67.0.3396.62, browserConnectionEnabled=false, nativeEvents=true, webdriver.remote.sessionid=f4d556bac4704b5f91efbe290870862d, locationContextEnabled=true, cssSelectorsEnabled=true}]
Session ID: f4d556bac4704b5f91efbe290870862d
	at sun.reflect.NativeConstructorAccessorImpl.newInstance0(Native Method)
	at sun.reflect.NativeConstructorAccessorImpl.newInstance(Unknown Source)
	at sun.reflect.DelegatingConstructorAccessorImpl.newInstance(Unknown Source)
	at java.lang.reflect.Constructor.newInstance(Unknown Source)
	at org.openqa.selenium.remote.ErrorHandler.createThrowable(ErrorHandler.java:206)
	at org.openqa.selenium.remote.ErrorHandler.throwIfResponseFailed(ErrorHandler.java:158)
	at org.openqa.selenium.remote.RemoteWebDriver.execute(RemoteWebDriver.java:678)
	at org.openqa.selenium.remote.RemoteWebElement.execute(RemoteWebElement.java:327)
	at org.openqa.selenium.remote.RemoteWebElement.click(RemoteWebElement.java:85)
	at sun.reflect.NativeMethodAccessorImpl.invoke0(Native Method)
	at sun.reflect.NativeMethodAccessorImpl.invoke(Unknown Source)
	at sun.reflect.DelegatingMethodAccessorImpl.invoke(Unknown Source)
	at java.lang.reflect.Method.invoke(Unknown Source)
	at org.openqa.selenium.support.events.EventFiringWebDriver$EventFiringWebElement$1.invoke(EventFiringWebDriver.java:335)
	at com.sun.proxy.$Proxy13.click(Unknown Source)
	at org.openqa.selenium.support.events.EventFiringWebDriver$EventFiringWebElement.click(EventFiringWebDriver.java:348)
	at basepackage.PageClass.menuoptions_click(PageClass.java:124)
	at sectionpage.SectionTC_02.sectionleadstoryclick(SectionTC_02.java:47)
	at sun.reflect.NativeMethodAccessorImpl.invoke0(Native Method)
	at sun.reflect.NativeMethodAccessorImpl.invoke(Unknown Source)
	at sun.reflect.DelegatingMethodAccessorImpl.invoke(Unknown Source)
	at java.lang.reflect.Method.invoke(Unknown Source)
	at org.testng.internal.MethodInvocationHelper.invokeMethod(MethodInvocationHelper.java:85)
	at org.testng.internal.Invoker.invokeMethod(Invoker.java:639)
	at org.testng.internal.Invoker.invokeTestMethod(Invoker.java:816)
	at org.testng.internal.Invoker.invokeTestMethods(Invoker.java:1124)
	at org.testng.internal.TestMethodWorker.invokeTestMethods(TestMethodWorker.java:125)
	at org.testng.internal.TestMethodWorker.run(TestMethodWorker.java:108)
	at org.testng.TestRunner.privateRun(TestRunner.java:774)
	at org.testng.TestRunner.run(TestRunner.java:624)
	at org.testng.SuiteRunner.runTest(SuiteRunner.java:359)
	at org.testng.SuiteRunner.runSequentially(SuiteRunner.java:354)
	at org.testng.SuiteRunner.privateRun(SuiteRunner.java:312)
	at org.testng.SuiteRunner.run(SuiteRunner.java:261)
	at org.testng.SuiteRunnerWorker.runSuite(SuiteRunnerWorker.java:52)
	at org.testng.SuiteRunnerWorker.run(SuiteRunnerWorker.java:86)
	at org.testng.TestNG.runSuitesSequentially(TestNG.java:1215)
	at org.testng.TestNG.runSuitesLocally(TestNG.java:1140)
	at org.testng.TestNG.run(TestNG.java:1048)
	at org.testng.remote.AbstractRemoteTestNG.run(AbstractRemoteTestNG.java:132)
	at org.testng.remote.RemoteTestNG.initAndRun(RemoteTestNG.java:236)
	at org.testng.remote.RemoteTestNG.main(RemoteTestNG.java:81)
]]>
            </full-stacktrace>
          </exception> <!-- org.openqa.selenium.WebDriverException -->
          <reporter-output>
          </reporter-output>
        </test-method> <!-- sectionleadstoryclick -->
        <test-method status="PASS" signature="teardown(org.testng.ITestResult)[pri:0, instance:sectionpage.SectionTC_02@3f49dace]" name="teardown" is-config="true" duration-ms="775" started-at="2018-12-31T15:40:31Z" finished-at="2018-12-31T15:40:32Z">
          <params>
            <param index="0">
              <value>
                <![CDATA[[TestResult name=sectionleadstoryclick status=SKIP method=SectionTC_02.sectionleadstoryclick(java.lang.String)[pri:0, instance:sectionpage.SectionTC_02@3f49dace] output={null}]]]>
              </value>
            </param>
          </params>
          <reporter-output>
          </reporter-output>
        </test-method> <!-- teardown -->
        <test-method status="PASS" signature="sectionleadstoryclick(java.lang.String)[pri:0, instance:sectionpage.SectionTC_02@3f49dace]" name="sectionleadstoryclick" duration-ms="315330" started-at="2018-12-31T15:40:32Z" finished-at="2018-12-31T15:45:47Z">
          <params>
            <param index="0">
              <value>
                <![CDATA[chrome-win-saucelabs]]>
              </value>
            </param>
          </params>
          <reporter-output>
          </reporter-output>
        </test-method> <!-- sectionleadstoryclick -->
        <test-method status="PASS" signature="teardown(org.testng.ITestResult)[pri:0, instance:sectionpage.SectionTC_02@3f49dace]" name="teardown" is-config="true" duration-ms="770" started-at="2018-12-31T15:45:47Z" finished-at="2018-12-31T15:45:48Z">
          <params>
            <param index="0">
              <value>
                <![CDATA[[TestResult name=sectionleadstoryclick status=SUCCESS method=SectionTC_02.sectionleadstoryclick(java.lang.String)[pri:0, instance:sectionpage.SectionTC_02@3f49dace] output={null}]]]>
              </value>
            </param>
          </params>
          <reporter-output>
          </reporter-output>
        </test-method> <!-- teardown -->
      </class> <!-- sectionpage.SectionTC_02 -->
      <class name="sectionpage.SectionTC_01">
        <test-method status="PASS" signature="sectionstoryclick(java.lang.String)[pri:0, instance:sectionpage.SectionTC_01@31a5c39e]" name="sectionstoryclick" duration-ms="78771" started-at="2018-12-31T15:38:37Z" finished-at="2018-12-31T15:39:55Z">
          <params>
            <param index="0">
              <value>
                <![CDATA[chrome-win-saucelabs]]>
              </value>
            </param>
          </params>
          <reporter-output>
          </reporter-output>
        </test-method> <!-- sectionstoryclick -->
        <test-method status="PASS" signature="teardown(org.testng.ITestResult)[pri:0, instance:sectionpage.SectionTC_01@31a5c39e]" name="teardown" is-config="true" duration-ms="781" started-at="2018-12-31T15:39:55Z" finished-at="2018-12-31T15:39:56Z">
          <params>
            <param index="0">
              <value>
                <![CDATA[[TestResult name=sectionstoryclick status=SUCCESS method=SectionTC_01.sectionstoryclick(java.lang.String)[pri:0, instance:sectionpage.SectionTC_01@31a5c39e] output={null}]]]>
              </value>
            </param>
          </params>
          <reporter-output>
          </reporter-output>
        </test-method> <!-- teardown -->
      </class> <!-- sectionpage.SectionTC_01 -->
      <class name="searchpage.search">
        <test-method status="PASS" signature="searchTest(java.lang.String)[pri:0, instance:searchpage.search@56ac3a89]" name="searchTest" duration-ms="299704" started-at="2018-12-31T15:52:37Z" finished-at="2018-12-31T15:57:37Z">
          <params>
            <param index="0">
              <value>
                <![CDATA[chrome-win-saucelabs]]>
              </value>
            </param>
          </params>
          <reporter-output>
          </reporter-output>
        </test-method> <!-- searchTest -->
        <test-method status="PASS" signature="teardown(org.testng.ITestResult)[pri:0, instance:searchpage.search@56ac3a89]" name="teardown" is-config="true" duration-ms="828" started-at="2018-12-31T15:57:37Z" finished-at="2018-12-31T15:57:38Z">
          <params>
            <param index="0">
              <value>
                <![CDATA[[TestResult name=searchTest status=SUCCESS method=search.searchTest(java.lang.String)[pri:0, instance:searchpage.search@56ac3a89] output={null}]]]>
              </value>
            </param>
          </params>
          <reporter-output>
          </reporter-output>
        </test-method> <!-- teardown -->
      </class> <!-- searchpage.search -->
      <class name="homepage.HomeTC_02">
        <test-method status="PASS" signature="carousalcheck(java.lang.String)[pri:0, instance:homepage.HomeTC_02@5f2108b5]" name="carousalcheck" duration-ms="54943" started-at="2018-12-31T15:37:41Z" finished-at="2018-12-31T15:38:36Z">
          <params>
            <param index="0">
              <value>
                <![CDATA[chrome-win-saucelabs]]>
              </value>
            </param>
          </params>
          <reporter-output>
          </reporter-output>
        </test-method> <!-- carousalcheck -->
        <test-method status="PASS" signature="close(org.testng.ITestResult)[pri:0, instance:homepage.HomeTC_02@5f2108b5]" name="close" is-config="true" duration-ms="833" started-at="2018-12-31T15:38:36Z" finished-at="2018-12-31T15:38:37Z">
          <params>
            <param index="0">
              <value>
                <![CDATA[[TestResult name=carousalcheck status=SUCCESS method=HomeTC_02.carousalcheck(java.lang.String)[pri:0, instance:homepage.HomeTC_02@5f2108b5] output={null}]]]>
              </value>
            </param>
          </params>
          <reporter-output>
          </reporter-output>
        </test-method> <!-- close -->
      </class> <!-- homepage.HomeTC_02 -->
      <class name="homepage.HomeTC_01">
        <test-method status="PASS" signature="homestory_click(java.lang.String)[pri:0, instance:homepage.HomeTC_01@e45f292]" name="homestory_click" duration-ms="60171" started-at="2018-12-31T15:36:40Z" finished-at="2018-12-31T15:37:40Z">
          <params>
            <param index="0">
              <value>
                <![CDATA[chrome-win-saucelabs]]>
              </value>
            </param>
          </params>
          <reporter-output>
          </reporter-output>
        </test-method> <!-- homestory_click -->
        <test-method status="PASS" signature="teardown(org.testng.ITestResult)[pri:0, instance:homepage.HomeTC_01@e45f292]" name="teardown" is-config="true" duration-ms="839" started-at="2018-12-31T15:37:40Z" finished-at="2018-12-31T15:37:41Z">
          <params>
            <param index="0">
              <value>
                <![CDATA[[TestResult name=homestory_click status=SUCCESS method=HomeTC_01.homestory_click(java.lang.String)[pri:0, instance:homepage.HomeTC_01@e45f292] output={null}]]]>
              </value>
            </param>
          </params>
          <reporter-output>
          </reporter-output>
        </test-method> <!-- teardown -->
        <test-method status="PASS" signature="mail()[pri:0, instance:homepage.HomeTC_01@e45f292]" name="mail" is-config="true" duration-ms="4210" started-at="2018-12-31T15:57:38Z" finished-at="2018-12-31T15:57:42Z">
          <reporter-output>
          </reporter-output>
        </test-method> <!-- mail -->
      </class> <!-- homepage.HomeTC_01 -->
    </test> <!-- Fortune_TestCases -->
  </suite> <!-- Suite 1 -->
</testng-results>
