<?xml version="1.0" encoding="UTF-8"?>
<!-- Generated by org.testng.reporters.JUnitXMLReporter -->
<testsuite hostname="ABPDigitalNoida-13724" name="CMS(Telegraph)_Test_Cases" tests="13" failures="0" timestamp="21 Feb 2019 11:39:09 GMT" time="1574.068" errors="0">
  <testcase name="hamburger_click" time="61.869" classname="base.login"/>
  <testcase name="login_pagetest" time="42.775" classname="base.login"/>
  <testcase name="story_create" time="228.741" classname="story.blank_story"/>
  <testcase name="idea_create" time="104.409" classname="planner.Idea_creation"/>
  <testcase name="idea_reject" time="172.827" classname="planner.idea_rejection"/>
  <testcase name="story_promote" time="111.772" classname="planner.storyPromote"/>
  <testcase name="Openstory" time="110.734" classname="planner.storyOpen"/>
  <testcase name="submit_Story" time="212.722" classname="planner.submitStory"/>
  <testcase name="story_approve" time="89.62" classname="planner.approveStory"/>
  <testcase name="story_publish" time="108.811" classname="planner.publish_story"/>
  <testcase name="story_publish_delete" time="113.074" classname="planner.publish_story_delete"/>
  <testcase name="story_collection" time="93.724" classname="planner.story_collection_check"/>
  <testcase name="openstory_assertion" time="110.863" classname="workspace.Openstory_assertion"/>
</testsuite> <!-- CMS(Telegraph)_Test_Cases -->
