<?xml version="1.0" encoding="UTF-8"?>
<!-- Generated by org.testng.reporters.JUnitXMLReporter -->
<testsuite hostname="ABPDigitalNoida-13724" name="Ebela Homepage 10" tests="1" failures="1" timestamp="20 Dec 2018 07:56:43 GMT" time="139.901" errors="0">
  <testcase name="TrendingBar" time="138.913" classname="homepage.Trending">
    <failure type="org.openqa.selenium.WebDriverException" message="unknown error: Element &amp;lt;li class=&amp;quot;trending_scrollar_list&amp;quot;&amp;gt;...&amp;lt;/li&amp;gt; is not clickable at point (418, 94). Other element would receive the click: &amp;lt;div id=&amp;quot;pe_confirm&amp;quot; class=&amp;quot;pe-optin-1 pe-desktop pe-top-center&amp;quot; style=&amp;quot;background:#ffffff;visibility: hidden;&amp;quot;&amp;gt;...&amp;lt;/div&amp;gt;
  (Session info: chrome=71.0.3578.80)
  (Driver info: chromedriver=2.44.609538 (b655c5a60b0b544917107a59d4153d4bf78e1b90),platform=Windows NT 10.0.10586 x86_64) (WARNING: The server did not provide any stacktrace information)
Command duration or timeout: 528 milliseconds
Build info: version: &amp;apos;2.53.0&amp;apos;, revision: &amp;apos;35ae25b&amp;apos;, time: &amp;apos;2016-03-15 16:57:40&amp;apos;
System info: host: &amp;apos;ABPDigitalNoida-13724&amp;apos;, ip: &amp;apos;10.138.10.66&amp;apos;, os.name: &amp;apos;Windows 10&amp;apos;, os.arch: &amp;apos;amd64&amp;apos;, os.version: &amp;apos;10.0&amp;apos;, java.version: &amp;apos;1.8.0_131&amp;apos;
Driver info: org.openqa.selenium.remote.RemoteWebDriver
Capabilities [{mobileEmulationEnabled=false, hasTouchScreen=false, platform=XP, acceptSslCerts=false, goog:chromeOptions={debuggerAddress=localhost:64533}, acceptInsecureCerts=false, webStorageEnabled=true, takesScreenshot=true, browserName=chrome, javascriptEnabled=true, setWindowRect=true, unexpectedAlertBehaviour=ignore, applicationCacheEnabled=false, rotatable=false, networkConnectionEnabled=false, chrome={chromedriverVersion=2.44.609538 (b655c5a60b0b544917107a59d4153d4bf78e1b90), userDataDir=C:\Users\ADMINI~1\AppData\Local\Temp\scoped_dir3328_26209}, takesHeapSnapshot=true, pageLoadStrategy=normal, hasMetadata=true, handlesAlerts=true, databaseEnabled=false, version=71.0.3578.80, browserConnectionEnabled=false, nativeEvents=true, webdriver.remote.sessionid=5e20b72aba704f639a5a1e9e9dc7b674, locationContextEnabled=true, cssSelectorsEnabled=true}]
Session ID: 5e20b72aba704f639a5a1e9e9dc7b674">
      <![CDATA[org.openqa.selenium.WebDriverException: unknown error: Element <li class="trending_scrollar_list">...</li> is not clickable at point (418, 94). Other element would receive the click: <div id="pe_confirm" class="pe-optin-1 pe-desktop pe-top-center" style="background:#ffffff;visibility: hidden;">...</div>
  (Session info: chrome=71.0.3578.80)
  (Driver info: chromedriver=2.44.609538 (b655c5a60b0b544917107a59d4153d4bf78e1b90),platform=Windows NT 10.0.10586 x86_64) (WARNING: The server did not provide any stacktrace information)
Command duration or timeout: 528 milliseconds
Build info: version: '2.53.0', revision: '35ae25b', time: '2016-03-15 16:57:40'
System info: host: 'ABPDigitalNoida-13724', ip: '10.138.10.66', os.name: 'Windows 10', os.arch: 'amd64', os.version: '10.0', java.version: '1.8.0_131'
Driver info: org.openqa.selenium.remote.RemoteWebDriver
Capabilities [{mobileEmulationEnabled=false, hasTouchScreen=false, platform=XP, acceptSslCerts=false, goog:chromeOptions={debuggerAddress=localhost:64533}, acceptInsecureCerts=false, webStorageEnabled=true, takesScreenshot=true, browserName=chrome, javascriptEnabled=true, setWindowRect=true, unexpectedAlertBehaviour=ignore, applicationCacheEnabled=false, rotatable=false, networkConnectionEnabled=false, chrome={chromedriverVersion=2.44.609538 (b655c5a60b0b544917107a59d4153d4bf78e1b90), userDataDir=C:\Users\ADMINI~1\AppData\Local\Temp\scoped_dir3328_26209}, takesHeapSnapshot=true, pageLoadStrategy=normal, hasMetadata=true, handlesAlerts=true, databaseEnabled=false, version=71.0.3578.80, browserConnectionEnabled=false, nativeEvents=true, webdriver.remote.sessionid=5e20b72aba704f639a5a1e9e9dc7b674, locationContextEnabled=true, cssSelectorsEnabled=true}]
Session ID: 5e20b72aba704f639a5a1e9e9dc7b674
	at org.openqa.selenium.remote.ErrorHandler.createThrowable(ErrorHandler.java:206)
	at org.openqa.selenium.remote.ErrorHandler.throwIfResponseFailed(ErrorHandler.java:158)
	at org.openqa.selenium.remote.RemoteWebDriver.execute(RemoteWebDriver.java:678)
	at org.openqa.selenium.remote.RemoteWebElement.execute(RemoteWebElement.java:327)
	at org.openqa.selenium.remote.RemoteWebElement.click(RemoteWebElement.java:85)
	at base.pageClass.trending_check(pageClass.java:143)
	at homepage.Trending.TrendingBar(Trending.java:60)
... Removed 28 stack frames]]>
    </failure>
  </testcase> <!-- TrendingBar -->
</testsuite> <!-- Ebela Homepage 10 -->
