<?xml version="1.0" encoding="UTF-8"?>
<testng-results skipped="0" failed="0" total="1" passed="1">
  <reporter-output>
  </reporter-output>
  <suite name="Default suite" duration-ms="227897" started-at="2017-02-07T10:24:46Z" finished-at="2017-02-07T10:28:34Z">
    <groups>
    </groups>
    <test name="Default test" duration-ms="227897" started-at="2017-02-07T10:24:46Z" finished-at="2017-02-07T10:28:34Z">
      <class name="excel.Pingdomtest">
        <test-method status="PASS" signature="openBrowser()[pri:0, instance:excel.Pingdomtest@14bf9759]" name="openBrowser" is-config="true" duration-ms="3676" started-at="2017-02-07T15:54:46Z" finished-at="2017-02-07T15:54:50Z">
          <reporter-output>
          </reporter-output>
        </test-method> <!-- openBrowser -->
        <test-method status="PASS" signature="openFortuneIndiaFolder()[pri:0, instance:excel.Pingdomtest@14bf9759]" name="openFortuneIndiaFolder" is-config="true" duration-ms="1" started-at="2017-02-07T15:54:50Z" finished-at="2017-02-07T15:54:50Z">
          <reporter-output>
          </reporter-output>
        </test-method> <!-- openFortuneIndiaFolder -->
        <test-method status="PASS" signature="Pingdomcall4()[pri:1, instance:excel.Pingdomtest@14bf9759]" name="Pingdomcall4" duration-ms="224197" started-at="2017-02-07T15:54:50Z" finished-at="2017-02-07T15:58:34Z">
          <reporter-output>
          </reporter-output>
        </test-method> <!-- Pingdomcall4 -->
      </class> <!-- excel.Pingdomtest -->
    </test> <!-- Default test -->
  </suite> <!-- Default suite -->
</testng-results>
