<?xml version="1.0" encoding="UTF-8"?>
<testsuite xmlns:xsi="http://www.w3.org/2001/XMLSchema-instance" xsi:noNamespaceSchemaLocation="https://maven.apache.org/surefire/maven-surefire-plugin/xsd/surefire-test-report.xsd" name="TestSuite" time="430.479" tests="8" errors="0" skipped="0" failures="5">
  <properties>
[...]
</properties>
  <testcase name="footer_clickable" classname="homepage.HomeTC_09" time="30.882">
    <failure message="com/sun/jna/win32/StdCallLibrary" type="java.lang.NoClassDefFoundError">java.lang.NoClassDefFoundError: com/sun/jna/win32/StdCallLibrary
	at homepage.HomeTC_09.footer_clickable(HomeTC_09.java:68)
Caused by: java.lang.ClassNotFoundException: com.sun.jna.win32.StdCallLibrary
	at homepage.HomeTC_09.footer_clickable(HomeTC_09.java:68)
</failure>
    <system-out><![CDATA[HomeTC_09
]]></system-out>
    <system-err><![CDATA[Starting ChromeDriver 2.29.461591 (62ebf098771772160f391d75e589dc567915b233) on port 32548
Only local connections are allowed.
log4j:WARN No appenders could be found for logger (org.apache.http.client.protocol.RequestAddCookies).
log4j:WARN Please initialize the log4j system properly.
]]></system-err>
  </testcase>
  <testcase name="opinion_poll" classname="homepage.HomeTC_10" time="115.003">
    <failure message="org/openqa/selenium/os/Kernel32" type="java.lang.NoClassDefFoundError">java.lang.NoClassDefFoundError: org/openqa/selenium/os/Kernel32
	at homepage.HomeTC_10.opinion_poll(HomeTC_10.java:61)
</failure>
    <system-out><![CDATA[Passed
HomeTC_10
]]></system-out>
    <system-err><![CDATA[Starting ChromeDriver 2.29.461591 (62ebf098771772160f391d75e589dc567915b233) on port 9936
Only local connections are allowed.
]]></system-err>
  </testcase>
  <testcase name="BackToTop" classname="homepage.HomeTC_11" time="31.29">
    <failure message="org/openqa/selenium/os/Kernel32" type="java.lang.NoClassDefFoundError">java.lang.NoClassDefFoundError: org/openqa/selenium/os/Kernel32
	at homepage.HomeTC_11.BackToTop(HomeTC_11.java:72)
</failure>
    <system-out><![CDATA[HomeTC_11
]]></system-out>
    <system-err><![CDATA[Starting ChromeDriver 2.29.461591 (62ebf098771772160f391d75e589dc567915b233) on port 32526
Only local connections are allowed.
]]></system-err>
  </testcase>
  <testcase name="Total_Stories" classname="homepage.HomeTC_12" time="26.334">
    <failure message="org/openqa/selenium/os/Kernel32" type="java.lang.NoClassDefFoundError">java.lang.NoClassDefFoundError: org/openqa/selenium/os/Kernel32
	at homepage.HomeTC_12.Total_Stories(HomeTC_12.java:66)
</failure>
    <system-out><![CDATA[HomeTC_12
]]></system-out>
    <system-err><![CDATA[Starting ChromeDriver 2.29.461591 (62ebf098771772160f391d75e589dc567915b233) on port 45993
Only local connections are allowed.
]]></system-err>
  </testcase>
  <testcase name="Logo_clickable" classname="homepage.HomeTC_13" time="48.525"/>
  <testcase name="nav_clickable" classname="homepage.HomeTC_14" time="31.785"/>
  <testcase name="TrendingBar" classname="homepage.HomeTC_15" time="78.153">
    <failure message="no such element: Unable to locate element: {&quot;method&quot;:&quot;css selector&quot;,&quot;selector&quot;:&quot;.page-not-found-header&quot;}&#10;  (Session info: chrome=60.0.3112.113)&#10;  (Driver info: chromedriver=2.29.461591 (62ebf098771772160f391d75e589dc567915b233),platform=Windows NT 10.0.15063 x86_64) (WARNING: The server did not provide any stacktrace information)&#10;Command duration or timeout: 40.13 seconds&#10;For documentation on this error, please visit: http://seleniumhq.org/exceptions/no_such_element.html&#10;Build info: version: &apos;2.53.1&apos;, revision: &apos;a36b8b1cd5757287168e54b817830adce9b0158d&apos;, time: &apos;2016-06-30 19:26:09&apos;&#10;System info: host: &apos;ABPDigitalNoida-13724&apos;, ip: &apos;10.138.10.57&apos;, os.name: &apos;Windows 10&apos;, os.arch: &apos;amd64&apos;, os.version: &apos;10.0&apos;, java.version: &apos;1.8.0_131&apos;&#10;Driver info: org.openqa.selenium.chrome.ChromeDriver&#10;Capabilities [{applicationCacheEnabled=false, rotatable=false, mobileEmulationEnabled=false, networkConnectionEnabled=false, chrome={chromedriverVersion=2.29.461591 (62ebf098771772160f391d75e589dc567915b233), userDataDir=C:\Users\DIGITA~1\AppData\Local\Temp\scoped_dir3668_2273}, takesHeapSnapshot=true, pageLoadStrategy=normal, databaseEnabled=false, handlesAlerts=true, hasTouchScreen=false, version=60.0.3112.113, platform=XP, browserConnectionEnabled=false, nativeEvents=true, acceptSslCerts=true, locationContextEnabled=true, webStorageEnabled=true, browserName=chrome, takesScreenshot=true, javascriptEnabled=true, cssSelectorsEnabled=true, unexpectedAlertBehaviour=}]&#10;Session ID: ea7783022bdf4bbd3313ae15d0045f0b&#10;*** Element info: {Using=css selector, value=.page-not-found-header}" type="org.openqa.selenium.NoSuchElementException">org.openqa.selenium.NoSuchElementException: 
no such element: Unable to locate element: {"method":"css selector","selector":".page-not-found-header"}
  (Session info: chrome=60.0.3112.113)
  (Driver info: chromedriver=2.29.461591 (62ebf098771772160f391d75e589dc567915b233),platform=Windows NT 10.0.15063 x86_64) (WARNING: The server did not provide any stacktrace information)
Command duration or timeout: 40.13 seconds
For documentation on this error, please visit: http://seleniumhq.org/exceptions/no_such_element.html
Build info: version: '2.53.1', revision: 'a36b8b1cd5757287168e54b817830adce9b0158d', time: '2016-06-30 19:26:09'
System info: host: 'ABPDigitalNoida-13724', ip: '10.138.10.57', os.name: 'Windows 10', os.arch: 'amd64', os.version: '10.0', java.version: '1.8.0_131'
Driver info: org.openqa.selenium.chrome.ChromeDriver
Capabilities [{applicationCacheEnabled=false, rotatable=false, mobileEmulationEnabled=false, networkConnectionEnabled=false, chrome={chromedriverVersion=2.29.461591 (62ebf098771772160f391d75e589dc567915b233), userDataDir=C:\Users\DIGITA~1\AppData\Local\Temp\scoped_dir3668_2273}, takesHeapSnapshot=true, pageLoadStrategy=normal, databaseEnabled=false, handlesAlerts=true, hasTouchScreen=false, version=60.0.3112.113, platform=XP, browserConnectionEnabled=false, nativeEvents=true, acceptSslCerts=true, locationContextEnabled=true, webStorageEnabled=true, browserName=chrome, takesScreenshot=true, javascriptEnabled=true, cssSelectorsEnabled=true, unexpectedAlertBehaviour=}]
Session ID: ea7783022bdf4bbd3313ae15d0045f0b
*** Element info: {Using=css selector, value=.page-not-found-header}
	at homepage.HomeTC_15.TrendingBar(HomeTC_15.java:57)
</failure>
    <system-out><![CDATA[HomeTC_15
]]></system-out>
    <system-err><![CDATA[Starting ChromeDriver 2.29.461591 (62ebf098771772160f391d75e589dc567915b233) on port 1857
Only local connections are allowed.
]]></system-err>
  </testcase>
  <testcase name="social_clickable" classname="homepage.HomeTC_16" time="41.936"/>
</testsuite>